                                      1 ;--------------------------------------------------------
                                      2 ; File Created by SDCC : free open source ISO C Compiler 
                                      3 ; Version 4.4.0 #14620 (Linux)
                                      4 ;--------------------------------------------------------
                                      5 	.module main
                                      6 	.optsdcc -mmcs51 --model-small
                                      7 	
                                      8 ;--------------------------------------------------------
                                      9 ; Public variables in this module
                                     10 ;--------------------------------------------------------
                                     11 	.globl _main
                                     12 	.globl _delay_ms
                                     13 	.globl _CY
                                     14 	.globl _AC
                                     15 	.globl _F0
                                     16 	.globl _RS1
                                     17 	.globl _RS0
                                     18 	.globl _OV
                                     19 	.globl _FL
                                     20 	.globl _P
                                     21 	.globl _TF2
                                     22 	.globl _EXF2
                                     23 	.globl _RCLK
                                     24 	.globl _TCLK
                                     25 	.globl _EXEN2
                                     26 	.globl _TR2
                                     27 	.globl _C_T2
                                     28 	.globl _CP_RL2
                                     29 	.globl _T2CON_7
                                     30 	.globl _T2CON_6
                                     31 	.globl _T2CON_5
                                     32 	.globl _T2CON_4
                                     33 	.globl _T2CON_3
                                     34 	.globl _T2CON_2
                                     35 	.globl _T2CON_1
                                     36 	.globl _T2CON_0
                                     37 	.globl _PT2
                                     38 	.globl _PS
                                     39 	.globl _PT1
                                     40 	.globl _PX1
                                     41 	.globl _PT0
                                     42 	.globl _PX0
                                     43 	.globl _RD
                                     44 	.globl _WR
                                     45 	.globl _T1
                                     46 	.globl _T0
                                     47 	.globl _INT1
                                     48 	.globl _INT0
                                     49 	.globl _TXD
                                     50 	.globl _RXD
                                     51 	.globl _P3_7
                                     52 	.globl _P3_6
                                     53 	.globl _P3_5
                                     54 	.globl _P3_4
                                     55 	.globl _P3_3
                                     56 	.globl _P3_2
                                     57 	.globl _P3_1
                                     58 	.globl _P3_0
                                     59 	.globl _EA
                                     60 	.globl _ET2
                                     61 	.globl _ES
                                     62 	.globl _ET1
                                     63 	.globl _EX1
                                     64 	.globl _ET0
                                     65 	.globl _EX0
                                     66 	.globl _P2_7
                                     67 	.globl _P2_6
                                     68 	.globl _P2_5
                                     69 	.globl _P2_4
                                     70 	.globl _P2_3
                                     71 	.globl _P2_2
                                     72 	.globl _P2_1
                                     73 	.globl _P2_0
                                     74 	.globl _SM0
                                     75 	.globl _SM1
                                     76 	.globl _SM2
                                     77 	.globl _REN
                                     78 	.globl _TB8
                                     79 	.globl _RB8
                                     80 	.globl _TI
                                     81 	.globl _RI
                                     82 	.globl _T2EX
                                     83 	.globl _T2
                                     84 	.globl _P1_7
                                     85 	.globl _P1_6
                                     86 	.globl _P1_5
                                     87 	.globl _P1_4
                                     88 	.globl _P1_3
                                     89 	.globl _P1_2
                                     90 	.globl _P1_1
                                     91 	.globl _P1_0
                                     92 	.globl _TF1
                                     93 	.globl _TR1
                                     94 	.globl _TF0
                                     95 	.globl _TR0
                                     96 	.globl _IE1
                                     97 	.globl _IT1
                                     98 	.globl _IE0
                                     99 	.globl _IT0
                                    100 	.globl _P0_7
                                    101 	.globl _P0_6
                                    102 	.globl _P0_5
                                    103 	.globl _P0_4
                                    104 	.globl _P0_3
                                    105 	.globl _P0_2
                                    106 	.globl _P0_1
                                    107 	.globl _P0_0
                                    108 	.globl _B
                                    109 	.globl _A
                                    110 	.globl _ACC
                                    111 	.globl _PSW
                                    112 	.globl _TH2
                                    113 	.globl _TL2
                                    114 	.globl _RCAP2H
                                    115 	.globl _RCAP2L
                                    116 	.globl _T2MOD
                                    117 	.globl _T2CON
                                    118 	.globl _IP
                                    119 	.globl _P3
                                    120 	.globl _IE
                                    121 	.globl _P2
                                    122 	.globl _SBUF
                                    123 	.globl _SCON
                                    124 	.globl _P1
                                    125 	.globl _TH1
                                    126 	.globl _TH0
                                    127 	.globl _TL1
                                    128 	.globl _TL0
                                    129 	.globl _TMOD
                                    130 	.globl _TCON
                                    131 	.globl _PCON
                                    132 	.globl _DPH
                                    133 	.globl _DPL
                                    134 	.globl _SP
                                    135 	.globl _P0
                                    136 ;--------------------------------------------------------
                                    137 ; special function registers
                                    138 ;--------------------------------------------------------
                                    139 	.area RSEG    (ABS,DATA)
      000000                        140 	.org 0x0000
                           000080   141 _P0	=	0x0080
                           000081   142 _SP	=	0x0081
                           000082   143 _DPL	=	0x0082
                           000083   144 _DPH	=	0x0083
                           000087   145 _PCON	=	0x0087
                           000088   146 _TCON	=	0x0088
                           000089   147 _TMOD	=	0x0089
                           00008A   148 _TL0	=	0x008a
                           00008B   149 _TL1	=	0x008b
                           00008C   150 _TH0	=	0x008c
                           00008D   151 _TH1	=	0x008d
                           000090   152 _P1	=	0x0090
                           000098   153 _SCON	=	0x0098
                           000099   154 _SBUF	=	0x0099
                           0000A0   155 _P2	=	0x00a0
                           0000A8   156 _IE	=	0x00a8
                           0000B0   157 _P3	=	0x00b0
                           0000B8   158 _IP	=	0x00b8
                           0000C8   159 _T2CON	=	0x00c8
                           0000C9   160 _T2MOD	=	0x00c9
                           0000CA   161 _RCAP2L	=	0x00ca
                           0000CB   162 _RCAP2H	=	0x00cb
                           0000CC   163 _TL2	=	0x00cc
                           0000CD   164 _TH2	=	0x00cd
                           0000D0   165 _PSW	=	0x00d0
                           0000E0   166 _ACC	=	0x00e0
                           0000E0   167 _A	=	0x00e0
                           0000F0   168 _B	=	0x00f0
                                    169 ;--------------------------------------------------------
                                    170 ; special function bits
                                    171 ;--------------------------------------------------------
                                    172 	.area RSEG    (ABS,DATA)
      000000                        173 	.org 0x0000
                           000080   174 _P0_0	=	0x0080
                           000081   175 _P0_1	=	0x0081
                           000082   176 _P0_2	=	0x0082
                           000083   177 _P0_3	=	0x0083
                           000084   178 _P0_4	=	0x0084
                           000085   179 _P0_5	=	0x0085
                           000086   180 _P0_6	=	0x0086
                           000087   181 _P0_7	=	0x0087
                           000088   182 _IT0	=	0x0088
                           000089   183 _IE0	=	0x0089
                           00008A   184 _IT1	=	0x008a
                           00008B   185 _IE1	=	0x008b
                           00008C   186 _TR0	=	0x008c
                           00008D   187 _TF0	=	0x008d
                           00008E   188 _TR1	=	0x008e
                           00008F   189 _TF1	=	0x008f
                           000090   190 _P1_0	=	0x0090
                           000091   191 _P1_1	=	0x0091
                           000092   192 _P1_2	=	0x0092
                           000093   193 _P1_3	=	0x0093
                           000094   194 _P1_4	=	0x0094
                           000095   195 _P1_5	=	0x0095
                           000096   196 _P1_6	=	0x0096
                           000097   197 _P1_7	=	0x0097
                           000090   198 _T2	=	0x0090
                           000091   199 _T2EX	=	0x0091
                           000098   200 _RI	=	0x0098
                           000099   201 _TI	=	0x0099
                           00009A   202 _RB8	=	0x009a
                           00009B   203 _TB8	=	0x009b
                           00009C   204 _REN	=	0x009c
                           00009D   205 _SM2	=	0x009d
                           00009E   206 _SM1	=	0x009e
                           00009F   207 _SM0	=	0x009f
                           0000A0   208 _P2_0	=	0x00a0
                           0000A1   209 _P2_1	=	0x00a1
                           0000A2   210 _P2_2	=	0x00a2
                           0000A3   211 _P2_3	=	0x00a3
                           0000A4   212 _P2_4	=	0x00a4
                           0000A5   213 _P2_5	=	0x00a5
                           0000A6   214 _P2_6	=	0x00a6
                           0000A7   215 _P2_7	=	0x00a7
                           0000A8   216 _EX0	=	0x00a8
                           0000A9   217 _ET0	=	0x00a9
                           0000AA   218 _EX1	=	0x00aa
                           0000AB   219 _ET1	=	0x00ab
                           0000AC   220 _ES	=	0x00ac
                           0000AD   221 _ET2	=	0x00ad
                           0000AF   222 _EA	=	0x00af
                           0000B0   223 _P3_0	=	0x00b0
                           0000B1   224 _P3_1	=	0x00b1
                           0000B2   225 _P3_2	=	0x00b2
                           0000B3   226 _P3_3	=	0x00b3
                           0000B4   227 _P3_4	=	0x00b4
                           0000B5   228 _P3_5	=	0x00b5
                           0000B6   229 _P3_6	=	0x00b6
                           0000B7   230 _P3_7	=	0x00b7
                           0000B0   231 _RXD	=	0x00b0
                           0000B1   232 _TXD	=	0x00b1
                           0000B2   233 _INT0	=	0x00b2
                           0000B3   234 _INT1	=	0x00b3
                           0000B4   235 _T0	=	0x00b4
                           0000B5   236 _T1	=	0x00b5
                           0000B6   237 _WR	=	0x00b6
                           0000B7   238 _RD	=	0x00b7
                           0000B8   239 _PX0	=	0x00b8
                           0000B9   240 _PT0	=	0x00b9
                           0000BA   241 _PX1	=	0x00ba
                           0000BB   242 _PT1	=	0x00bb
                           0000BC   243 _PS	=	0x00bc
                           0000BD   244 _PT2	=	0x00bd
                           0000C8   245 _T2CON_0	=	0x00c8
                           0000C9   246 _T2CON_1	=	0x00c9
                           0000CA   247 _T2CON_2	=	0x00ca
                           0000CB   248 _T2CON_3	=	0x00cb
                           0000CC   249 _T2CON_4	=	0x00cc
                           0000CD   250 _T2CON_5	=	0x00cd
                           0000CE   251 _T2CON_6	=	0x00ce
                           0000CF   252 _T2CON_7	=	0x00cf
                           0000C8   253 _CP_RL2	=	0x00c8
                           0000C9   254 _C_T2	=	0x00c9
                           0000CA   255 _TR2	=	0x00ca
                           0000CB   256 _EXEN2	=	0x00cb
                           0000CC   257 _TCLK	=	0x00cc
                           0000CD   258 _RCLK	=	0x00cd
                           0000CE   259 _EXF2	=	0x00ce
                           0000CF   260 _TF2	=	0x00cf
                           0000D0   261 _P	=	0x00d0
                           0000D1   262 _FL	=	0x00d1
                           0000D2   263 _OV	=	0x00d2
                           0000D3   264 _RS0	=	0x00d3
                           0000D4   265 _RS1	=	0x00d4
                           0000D5   266 _F0	=	0x00d5
                           0000D6   267 _AC	=	0x00d6
                           0000D7   268 _CY	=	0x00d7
                                    269 ;--------------------------------------------------------
                                    270 ; overlayable register banks
                                    271 ;--------------------------------------------------------
                                    272 	.area REG_BANK_0	(REL,OVR,DATA)
      000000                        273 	.ds 8
                                    274 ;--------------------------------------------------------
                                    275 ; internal ram data
                                    276 ;--------------------------------------------------------
                                    277 	.area DSEG    (DATA)
                                    278 ;--------------------------------------------------------
                                    279 ; overlayable items in internal ram
                                    280 ;--------------------------------------------------------
                                    281 	.area	OSEG    (OVR,DATA)
                                    282 ;--------------------------------------------------------
                                    283 ; Stack segment in internal ram
                                    284 ;--------------------------------------------------------
                                    285 	.area SSEG
      000000                        286 __start__stack:
      000000                        287 	.ds	1
                                    288 
                                    289 ;--------------------------------------------------------
                                    290 ; indirectly addressable internal ram data
                                    291 ;--------------------------------------------------------
                                    292 	.area ISEG    (DATA)
                                    293 ;--------------------------------------------------------
                                    294 ; absolute internal ram data
                                    295 ;--------------------------------------------------------
                                    296 	.area IABS    (ABS,DATA)
                                    297 	.area IABS    (ABS,DATA)
                                    298 ;--------------------------------------------------------
                                    299 ; bit data
                                    300 ;--------------------------------------------------------
                                    301 	.area BSEG    (BIT)
                                    302 ;--------------------------------------------------------
                                    303 ; paged external ram data
                                    304 ;--------------------------------------------------------
                                    305 	.area PSEG    (PAG,XDATA)
                                    306 ;--------------------------------------------------------
                                    307 ; uninitialized external ram data
                                    308 ;--------------------------------------------------------
                                    309 	.area XSEG    (XDATA)
                                    310 ;--------------------------------------------------------
                                    311 ; absolute external ram data
                                    312 ;--------------------------------------------------------
                                    313 	.area XABS    (ABS,XDATA)
                                    314 ;--------------------------------------------------------
                                    315 ; initialized external ram data
                                    316 ;--------------------------------------------------------
                                    317 	.area XISEG   (XDATA)
                                    318 	.area HOME    (CODE)
                                    319 	.area GSINIT0 (CODE)
                                    320 	.area GSINIT1 (CODE)
                                    321 	.area GSINIT2 (CODE)
                                    322 	.area GSINIT3 (CODE)
                                    323 	.area GSINIT4 (CODE)
                                    324 	.area GSINIT5 (CODE)
                                    325 	.area GSINIT  (CODE)
                                    326 	.area GSFINAL (CODE)
                                    327 	.area CSEG    (CODE)
                                    328 ;--------------------------------------------------------
                                    329 ; interrupt vector
                                    330 ;--------------------------------------------------------
                                    331 	.area HOME    (CODE)
      000000                        332 __interrupt_vect:
      000000 02r00r00         [24]  333 	ljmp	__sdcc_gsinit_startup
                                    334 ;--------------------------------------------------------
                                    335 ; global & static initialisations
                                    336 ;--------------------------------------------------------
                                    337 	.area HOME    (CODE)
                                    338 	.area GSINIT  (CODE)
                                    339 	.area GSFINAL (CODE)
                                    340 	.area GSINIT  (CODE)
                                    341 	.globl __sdcc_gsinit_startup
                                    342 	.globl __sdcc_program_startup
                                    343 	.globl __start__stack
                                    344 	.globl __mcs51_genXINIT
                                    345 	.globl __mcs51_genXRAMCLEAR
                                    346 	.globl __mcs51_genRAMCLEAR
                                    347 	.area GSFINAL (CODE)
      000000 02r00r03         [24]  348 	ljmp	__sdcc_program_startup
                                    349 ;--------------------------------------------------------
                                    350 ; Home
                                    351 ;--------------------------------------------------------
                                    352 	.area HOME    (CODE)
                                    353 	.area HOME    (CODE)
      000003                        354 __sdcc_program_startup:
      000003 02r00r1D         [24]  355 	ljmp	_main
                                    356 ;	return from main will return to caller
                                    357 ;--------------------------------------------------------
                                    358 ; code
                                    359 ;--------------------------------------------------------
                                    360 	.area CSEG    (CODE)
                                    361 ;------------------------------------------------------------
                                    362 ;Allocation info for local variables in function 'delay_ms'
                                    363 ;------------------------------------------------------------
                                    364 ;ms                        Allocated to registers 
                                    365 ;t                         Allocated to registers r4 r5 
                                    366 ;------------------------------------------------------------
                                    367 ;	src/core/main.c:3: void delay_ms(unsigned int ms) {
                                    368 ;	-----------------------------------------
                                    369 ;	 function delay_ms
                                    370 ;	-----------------------------------------
      000000                        371 _delay_ms:
                           000007   372 	ar7 = 0x07
                           000006   373 	ar6 = 0x06
                           000005   374 	ar5 = 0x05
                           000004   375 	ar4 = 0x04
                           000003   376 	ar3 = 0x03
                           000002   377 	ar2 = 0x02
                           000001   378 	ar1 = 0x01
                           000000   379 	ar0 = 0x00
      000000 AE 82            [24]  380 	mov	r6, dpl
      000002 AF 83            [24]  381 	mov	r7, dph
      000004                        382 00107$:
                                    383 ;	src/core/main.c:4: for(;--ms;)
      000004 1E               [12]  384 	dec	r6
      000005 BE FF 01         [24]  385 	cjne	r6,#0xff,00137$
      000008 1F               [12]  386 	dec	r7
      000009                        387 00137$:
      000009 EE               [12]  388 	mov	a,r6
      00000A 4F               [12]  389 	orl	a,r7
      00000B 60 0F            [24]  390 	jz	00109$
                                    391 ;	src/core/main.c:5: for(unsigned int t=114;--t;)
      00000D 7C 72            [12]  392 	mov	r4,#0x72
      00000F 7D 00            [12]  393 	mov	r5,#0x00
      000011                        394 00104$:
      000011 1C               [12]  395 	dec	r4
      000012 BC FF 01         [24]  396 	cjne	r4,#0xff,00139$
      000015 1D               [12]  397 	dec	r5
      000016                        398 00139$:
      000016 EC               [12]  399 	mov	a,r4
      000017 4D               [12]  400 	orl	a,r5
      000018 70 F7            [24]  401 	jnz	00104$
      00001A 80 E8            [24]  402 	sjmp	00107$
      00001C                        403 00109$:
                                    404 ;	src/core/main.c:7: }
      00001C 22               [24]  405 	ret
                                    406 ;------------------------------------------------------------
                                    407 ;Allocation info for local variables in function 'main'
                                    408 ;------------------------------------------------------------
                                    409 ;	src/core/main.c:9: void main(void) {
                                    410 ;	-----------------------------------------
                                    411 ;	 function main
                                    412 ;	-----------------------------------------
      00001D                        413 _main:
      00001D                        414 00102$:
                                    415 ;	src/core/main.c:12: P1 = 0x00;
      00001D 75 90 00         [24]  416 	mov	_P1,#0x00
                                    417 ;	src/core/main.c:13: delay_ms(500);
      000020 90 01 F4         [24]  418 	mov	dptr,#0x01f4
      000023 12r00r00         [24]  419 	lcall	_delay_ms
                                    420 ;	src/core/main.c:14: P1 = 0xff;
      000026 75 90 FF         [24]  421 	mov	_P1,#0xff
                                    422 ;	src/core/main.c:15: delay_ms(500);
      000029 90 01 F4         [24]  423 	mov	dptr,#0x01f4
      00002C 12r00r00         [24]  424 	lcall	_delay_ms
                                    425 ;	src/core/main.c:17: }
      00002F 80 EC            [24]  426 	sjmp	00102$
                                    427 	.area CSEG    (CODE)
                                    428 	.area CONST   (CODE)
                                    429 	.area XINIT   (CODE)
                                    430 	.area CABS    (ABS,CODE)
