C51 COMPILER V9.60.7.0   ISR                                                               12/23/2024 02:56:04 PAGE 1   


C51 COMPILER V9.60.7.0, COMPILATION OF MODULE ISR
OBJECT MODULE PLACED IN .\Objects\isr.obj
COMPILER INVOKED BY: D:\Keil_v5\C51\BIN\C51.EXE ..\user\isr.c WARNINGLEVEL(0) OPTIMIZE(9,SIZE) BROWSE INCDIR(..\peripher
                    -ials\inc;..\user) DEBUG OBJECTEXTEND PRINT(.\Listings\isr.lst) OBJECT(.\Objects\isr.obj)

line level    source

   1          #include "neolib51/tim.h"
   2          #include "neolib51/exti.h"
   3          
   4          #if EXTI == ENABLE
              
              void nexti0_isr(void) interrupt 0
              {
                  // nexti0->user_callback(ntim0);
              }
              
              void nexti1_isr(void) interrupt 2
              {
                  // nexti1->user_callback(ntim0);
              }
              
              #endif
  17          
  18          #if TIM == ENABLE
  19          void ntim0_isr(void) interrupt 1
  20          {
  21   1          ntim_reload(ntim0);
  22   1          ntim0->user_callback(ntim0);
  23   1      }
  24          
  25          void ntim1_isr(void) interrupt 3
  26          {
  27   1          ntim_reload(ntim1);
  28   1          ntim1->user_callback(ntim1);
  29   1      }
  30          #endif


MODULE INFORMATION:   STATIC OVERLAYABLE
   CODE SIZE        =    189    ----
   CONSTANT SIZE    =   ----    ----
   XDATA SIZE       =   ----    ----
   PDATA SIZE       =   ----    ----
   DATA SIZE        =   ----    ----
   IDATA SIZE       =   ----    ----
   BIT SIZE         =   ----    ----
END OF MODULE INFORMATION.


C51 COMPILATION COMPLETE.  0 WARNING(S),  0 ERROR(S)
