C51 COMPILER V9.60.7.0   MAIN                                                              12/23/2024 02:56:04 PAGE 1   


C51 COMPILER V9.60.7.0, COMPILATION OF MODULE MAIN
OBJECT MODULE PLACED IN .\Objects\main.obj
COMPILER INVOKED BY: D:\Keil_v5\C51\BIN\C51.EXE ..\user\main.c WARNINGLEVEL(0) OPTIMIZE(9,SIZE) BROWSE INCDIR(..\periphe
                    -rials\inc;..\user) DEBUG OBJECTEXTEND PRINT(.\Listings\main.lst) OBJECT(.\Objects\main.obj)

line level    source

   1          #include "regx52.h"
   2          
   3          #include "neolib51/neolib51.h"
   4          
   5          void sys_init(void);
   6          
   7          void main(void)
   8          {
   9   1          // sys_init();
  10   1          for (;;)
  11   1          {
  12   2              uint8_t kv = nbtn_scan_matrix(BTN_Scan_NonContinuous);
  13   2              if (kv == MATBTN_11)
  14   2              {
  15   3                  nled_biton(LED1);
  16   3              }
  17   2              else if (kv == MATBTN_12)
  18   2              {
  19   3                  nled_bitoff(LED1);
  20   3              }
  21   2              else if (kv == MATBTN_21)
  22   2              {
  23   3                  nled_bittoggle(LED1);
  24   3              }
  25   2          }
  26   1      }
  27          
  28          void sys_init(void)
  29          {
  30   1      }


MODULE INFORMATION:   STATIC OVERLAYABLE
   CODE SIZE        =     44    ----
   CONSTANT SIZE    =   ----    ----
   XDATA SIZE       =   ----    ----
   PDATA SIZE       =   ----    ----
   DATA SIZE        =   ----       1
   IDATA SIZE       =   ----    ----
   BIT SIZE         =   ----    ----
END OF MODULE INFORMATION.


C51 COMPILATION COMPLETE.  0 WARNING(S),  0 ERROR(S)
