C51 COMPILER V9.60.7.0   PWM                                                               12/23/2024 02:56:05 PAGE 1   


C51 COMPILER V9.60.7.0, COMPILATION OF MODULE PWM
OBJECT MODULE PLACED IN .\Objects\pwm.obj
COMPILER INVOKED BY: D:\Keil_v5\C51\BIN\C51.EXE ..\peripherials\src\pwm.c WARNINGLEVEL(0) OPTIMIZE(9,SIZE) BROWSE INCDIR
                    -(..\peripherials\inc;..\user) DEBUG OBJECTEXTEND PRINT(.\Listings\pwm.lst) OBJECT(.\Objects\pwm.obj)

line level    source

   1          #include "neolib51/pwm.h"
   2          #include "neolib51/neolib51.h"
   3          #include "REGX52.H"
   4          
   5          #if PWM == ENABLE
   6          
   7          #if TIM != ENABLE
              #error "TIM must be enabled to use PWM"
              #endif
  10          
  11          void npwm_init(npwm_t *npwmx)
  12          {
  13   1      }
  14          
  15          void npwm_set_duty(npwm_t *npwmx, uint8_t duty)
  16          {
  17   1      }
  18          
  19          uint8_t npwm_get_duty(npwm_t *npwmx)
  20          {
  21   1      }
  22          
  23          #endif


MODULE INFORMATION:   STATIC OVERLAYABLE
   CODE SIZE        =     23    ----
   CONSTANT SIZE    =   ----    ----
   XDATA SIZE       =   ----    ----
   PDATA SIZE       =   ----    ----
   DATA SIZE        =   ----      10
   IDATA SIZE       =   ----    ----
   BIT SIZE         =   ----    ----
END OF MODULE INFORMATION.


C51 COMPILATION COMPLETE.  0 WARNING(S),  0 ERROR(S)
